<?xml version="1.0" encoding="UTF-8"?>
<!-- Generated by org.testng.reporters.JUnitReportReporter -->
<testsuite skipped="0" hostname="ASUS-Laptop" name="mycompany.login" tests="1" failures="0" timestamp="2020-10-29T00:22:56 CET" time="28.900" errors="0">
  <testcase name="log" time="28.900" classname="mycompany.login"/>
  <system-out/>
</testsuite> <!-- mycompany.login -->
