<?xml version="1.0" encoding="UTF-8"?>
<!-- Generated by org.testng.reporters.JUnitReportReporter -->
<testsuite skipped="0" hostname="ASUS-Laptop" name="mycompany.login" tests="9" failures="0" timestamp="2020-11-01T20:46:22 CET" time="94.415" errors="0">
  <testcase name="signup" time="11.831" classname="mycompany.login"/>
  <system-out/>
  <testcase name="signup" time="10.554" classname="mycompany.login"/>
  <system-out/>
  <testcase name="signup" time="8.962" classname="mycompany.login"/>
  <system-out/>
  <testcase name="signup" time="9.188" classname="mycompany.login"/>
  <system-out/>
  <testcase name="log" time="12.145" classname="mycompany.login"/>
  <system-out/>
  <testcase name="signup" time="8.086" classname="mycompany.login"/>
  <system-out/>
  <testcase name="signup" time="17.683" classname="mycompany.login"/>
  <system-out/>
  <testcase name="log" time="7.639" classname="mycompany.login"/>
  <system-out/>
  <testcase name="signup" time="8.327" classname="mycompany.login"/>
  <system-out/>
</testsuite> <!-- mycompany.login -->
