<?xml version="1.0" encoding="UTF-8"?>
<!-- Generated by org.testng.reporters.JUnitReportReporter -->
<testsuite skipped="0" hostname="ASUS-Laptop" name="mycompany.login" tests="9" failures="0" timestamp="2020-11-15T21:33:30 CET" time="78.181" errors="0">
  <testcase name="signinn" time="7.211" classname="mycompany.login"/>
  <system-out/>
  <testcase name="signinn" time="10.415" classname="mycompany.login"/>
  <system-out/>
  <testcase name="signup" time="9.147" classname="mycompany.login"/>
  <system-out/>
  <testcase name="signup" time="7.229" classname="mycompany.login"/>
  <system-out/>
  <testcase name="signup" time="7.943" classname="mycompany.login"/>
  <system-out/>
  <testcase name="signup" time="9.075" classname="mycompany.login"/>
  <system-out/>
  <testcase name="signup" time="8.358" classname="mycompany.login"/>
  <system-out/>
  <testcase name="signup" time="10.667" classname="mycompany.login"/>
  <system-out/>
  <testcase name="signup" time="8.136" classname="mycompany.login"/>
  <system-out/>
</testsuite> <!-- mycompany.login -->
