<?xml version="1.0" encoding="UTF-8"?>
<!-- Generated by org.testng.reporters.JUnitReportReporter -->
<testsuite skipped="0" hostname="ASUS-Laptop" name="mycompany.Adsert" tests="1" failures="0" timestamp="2020-11-02T18:01:28 CET" time="6.361" errors="0">
  <testcase name="spicejet" time="6.361" classname="mycompany.Adsert"/>
  <system-out/>
</testsuite> <!-- mycompany.Adsert -->
