<?xml version="1.0" encoding="UTF-8"?>
<!-- Generated by org.testng.reporters.JUnitReportReporter -->
<testsuite skipped="0" hostname="ASUS-Laptop" name="mycompany.login" tests="9" failures="0" timestamp="2020-11-05T22:14:48 CET" time="107.722" errors="0">
  <testcase name="log" time="20.523" classname="mycompany.login"/>
  <system-out/>
  <testcase name="log" time="19.846" classname="mycompany.login"/>
  <system-out/>
  <testcase name="signup" time="9.469" classname="mycompany.login"/>
  <system-out/>
  <testcase name="signup" time="9.321" classname="mycompany.login"/>
  <system-out/>
  <testcase name="signup" time="12.590" classname="mycompany.login"/>
  <system-out/>
  <testcase name="signup" time="8.741" classname="mycompany.login"/>
  <system-out/>
  <testcase name="signup" time="10.107" classname="mycompany.login"/>
  <system-out/>
  <testcase name="signup" time="9.197" classname="mycompany.login"/>
  <system-out/>
  <testcase name="signup" time="7.928" classname="mycompany.login"/>
  <system-out/>
</testsuite> <!-- mycompany.login -->
