<?xml version="1.0" encoding="UTF-8"?>
<!-- Generated by org.testng.reporters.JUnitReportReporter -->
<testsuite skipped="0" hostname="ASUS-Laptop" name="mycompany.login" tests="1" failures="0" timestamp="2020-10-30T19:33:30 CET" time="8.543" errors="0">
  <testcase name="log" time="8.543" classname="mycompany.login"/>
  <system-out/>
</testsuite> <!-- mycompany.login -->
